1: package com.radish.thinking.unit18;
2: 
3: import java.io.BufferedReader;
4: import java.io.IOException;
5: import java.io.PrintWriter;
6: import java.io.StringReader;
7: 
8: public class FileOutputShortcut {
9:     static String file = "FileOutputShortcut.out";
10: 
11:     public static void main(String[] args) throws IOException {
12:         BufferedReader in = new BufferedReader(
13:                 new StringReader(
14:                         BufferedInputFile.read(BufferedInputFile.src + "FileOutputShortcut.java")
15:                 )
16:         );
17:         PrintWriter out = new PrintWriter(file);
18:         int lineCount = 1;
19:         String s;
20:         while ((s = in.readLine()) != null)
21:             out.println(lineCount++ + ": " + s);
22:         out.close();
23:         System.out.println(BufferedInputFile.read(file));
24: 
25:     }
26: }
